<?xml version="1.0" encoding="UTF-8"?>
<!-- Generated by org.testng.reporters.JUnitReportReporter -->
<testsuite hostname="DESKTOP-KPO36PO" failures="0" tests="2" name="testCases.TC01_AccountRegistrationTest" time="2.850" errors="0" timestamp="2024-09-26T15:11:17 IST" skipped="0">
  <testcase classname="testCases.TC01_AccountRegistrationTest" name="Verify_Registration_Page" time="1.457"/>
  <testcase classname="testCases.TC01_AccountRegistrationTest" name="Verify_Account_Registration" time="1.393"/>
</testsuite> <!-- testCases.TC01_AccountRegistrationTest -->
