<?xml version="1.0" encoding="UTF-8"?>
<!-- Generated by org.testng.reporters.JUnitReportReporter -->
<testsuite hostname="DESKTOP-KPO36PO" failures="0" tests="1" name="testCases.TC02_LoginTest" time="2.391" errors="0" timestamp="2024-09-26T15:11:17 IST" skipped="0">
  <testcase classname="testCases.TC02_LoginTest" name="verify_Login" time="2.391"/>
</testsuite> <!-- testCases.TC02_LoginTest -->
